
> yitp@0.1.0 build
> next build

- info Loaded env from /Users/danieleystberg/Documents/personlig/YITP/web/yitp/.env
- info Linting and checking validity of types...
- info Creating an optimized production build...
- info Compiled successfully
- info Collecting page data...
- info Generating static pages (0/8)
- info Generating static pages (2/8)
- info Generating static pages (4/8)
- info Generating static pages (6/8)
- info Generating static pages (8/8)
- info Finalizing page optimization...

Route (pages)                              Size     First Load JS
┌ ○ /                                      1.64 kB         105 kB
├   /_app                                  0 B             101 kB
├ ○ /404                                   182 B           101 kB
├ ○ /aboutYITP                             891 B           105 kB
└ λ /api/trpc/[trpc]                       0 B             101 kB
+ First Load JS shared by all              104 kB
  ├ chunks/framework-2c79e2a64abdb08b.js   45.2 kB
  ├ chunks/main-b6d5bafd2eabb8e1.js        28.3 kB
  ├ chunks/pages/_app-c96165760196e730.js  26.9 kB
  ├ chunks/webpack-ee7e63bc15b31913.js     815 B
  └ css/83e7762032166f63.css               2.73 kB

λ  (Server)  server-side renders at runtime (uses getInitialProps or getServerSideProps)
○  (Static)  automatically rendered as static HTML (uses no initial props)

